2024-07-25T15:43:09.011+02:00  INFO 2308 --- [projectJPAprof] [main] com.betacom.jpa.JpaApplication           : Starting JpaApplication using Java 17.0.10 with PID 2308 (C:\Users\Betacom\Documents\GitHub\accademy\projectJPAprof\target\classes started by Betacom in C:\Users\Betacom\Documents\GitHub\accademy\projectJPAprof)
2024-07-25T15:43:09.020+02:00 DEBUG 2308 --- [projectJPAprof] [main] com.betacom.jpa.JpaApplication           : Running with Spring Boot v3.2.7, Spring v6.1.10
2024-07-25T15:43:09.022+02:00  INFO 2308 --- [projectJPAprof] [main] com.betacom.jpa.JpaApplication           : No active profile set, falling back to 1 default profile: "default"
2024-07-25T15:43:10.319+02:00  INFO 2308 --- [projectJPAprof] [main] .s.d.r.c.RepositoryConfigurationDelegate : Bootstrapping Spring Data JPA repositories in DEFAULT mode.
2024-07-25T15:43:10.455+02:00  INFO 2308 --- [projectJPAprof] [main] .s.d.r.c.RepositoryConfigurationDelegate : Finished Spring Data repository scanning in 117 ms. Found 6 JPA repository interfaces.
2024-07-25T15:43:11.283+02:00  INFO 2308 --- [projectJPAprof] [main] o.s.b.w.embedded.tomcat.TomcatWebServer  : Tomcat initialized with port 8080 (http)
2024-07-25T15:43:11.298+02:00  INFO 2308 --- [projectJPAprof] [main] o.apache.catalina.core.StandardService   : Starting service [Tomcat]
2024-07-25T15:43:11.299+02:00  INFO 2308 --- [projectJPAprof] [main] o.apache.catalina.core.StandardEngine    : Starting Servlet engine: [Apache Tomcat/10.1.25]
2024-07-25T15:43:11.396+02:00  INFO 2308 --- [projectJPAprof] [main] o.a.c.c.C.[Tomcat].[localhost].[/]       : Initializing Spring embedded WebApplicationContext
2024-07-25T15:43:11.397+02:00  INFO 2308 --- [projectJPAprof] [main] w.s.c.ServletWebServerApplicationContext : Root WebApplicationContext: initialization completed in 2304 ms
2024-07-25T15:43:11.665+02:00  INFO 2308 --- [projectJPAprof] [main] o.hibernate.jpa.internal.util.LogHelper  : HHH000204: Processing PersistenceUnitInfo [name: default]
2024-07-25T15:43:11.803+02:00  INFO 2308 --- [projectJPAprof] [main] org.hibernate.Version                    : HHH000412: Hibernate ORM core version 6.4.9.Final
2024-07-25T15:43:11.877+02:00  INFO 2308 --- [projectJPAprof] [main] o.h.c.internal.RegionFactoryInitiator    : HHH000026: Second-level cache disabled
2024-07-25T15:43:12.245+02:00  INFO 2308 --- [projectJPAprof] [main] o.s.o.j.p.SpringPersistenceUnitInfo      : No LoadTimeWeaver setup: ignoring JPA class transformer
2024-07-25T15:43:12.287+02:00  INFO 2308 --- [projectJPAprof] [main] com.zaxxer.hikari.HikariDataSource       : HikariPool-1 - Starting...
2024-07-25T15:43:12.545+02:00  INFO 2308 --- [projectJPAprof] [main] com.zaxxer.hikari.pool.HikariPool        : HikariPool-1 - Added connection conn0: url=jdbc:h2:mem:dbJPA user=SA
2024-07-25T15:43:12.547+02:00  INFO 2308 --- [projectJPAprof] [main] com.zaxxer.hikari.HikariDataSource       : HikariPool-1 - Start completed.
2024-07-25T15:43:12.605+02:00  WARN 2308 --- [projectJPAprof] [main] org.hibernate.orm.deprecation            : HHH90000025: H2Dialect does not need to be specified explicitly using 'hibernate.dialect' (remove the property setting and it will be selected by default)
2024-07-25T15:43:13.790+02:00  INFO 2308 --- [projectJPAprof] [main] o.h.e.t.j.p.i.JtaPlatformInitiator       : HHH000489: No JTA platform available (set 'hibernate.transaction.jta.platform' to enable JTA platform integration)
2024-07-25T15:43:13.859+02:00  INFO 2308 --- [projectJPAprof] [main] j.LocalContainerEntityManagerFactoryBean : Initialized JPA EntityManagerFactory for persistence unit 'default'
2024-07-25T15:43:14.230+02:00  INFO 2308 --- [projectJPAprof] [main] o.s.d.j.r.query.QueryEnhancerFactory     : Hibernate is in classpath; If applicable, HQL parser will be used.
2024-07-25T15:43:14.995+02:00  WARN 2308 --- [projectJPAprof] [main] JpaBaseConfiguration$JpaWebConfiguration : spring.jpa.open-in-view is enabled by default. Therefore, database queries may be performed during view rendering. Explicitly configure spring.jpa.open-in-view to disable this warning
2024-07-25T15:43:15.456+02:00  WARN 2308 --- [projectJPAprof] [main] ConfigServletWebServerApplicationContext : Exception encountered during context initialization - cancelling refresh attempt: org.springframework.context.ApplicationContextException: Failed to start bean 'webServerStartStop'
2024-07-25T15:43:15.459+02:00  INFO 2308 --- [projectJPAprof] [main] j.LocalContainerEntityManagerFactoryBean : Closing JPA EntityManagerFactory for persistence unit 'default'
2024-07-25T15:43:15.462+02:00  INFO 2308 --- [projectJPAprof] [main] com.zaxxer.hikari.HikariDataSource       : HikariPool-1 - Shutdown initiated...
2024-07-25T15:43:15.465+02:00  INFO 2308 --- [projectJPAprof] [main] com.zaxxer.hikari.HikariDataSource       : HikariPool-1 - Shutdown completed.
2024-07-25T15:43:15.482+02:00  INFO 2308 --- [projectJPAprof] [main] .s.b.a.l.ConditionEvaluationReportLogger : 

Error starting ApplicationContext. To display the condition evaluation report re-run your application with 'debug' enabled.
2024-07-25T15:43:15.508+02:00 ERROR 2308 --- [projectJPAprof] [main] o.s.b.d.LoggingFailureAnalysisReporter   : 

***************************
APPLICATION FAILED TO START
***************************

Description:

Web server failed to start. Port 8080 was already in use.

Action:

Identify and stop the process that's listening on port 8080 or configure this application to listen on another port.

2024-07-25T15:44:46.439+02:00  INFO 9876 --- [projectJPAprof] [main] com.betacom.jpa.JpaApplication           : Starting JpaApplication using Java 17.0.10 with PID 9876 (C:\Users\Betacom\Documents\GitHub\accademy\projectJPAprof\target\classes started by Betacom in C:\Users\Betacom\Documents\GitHub\accademy\projectJPAprof)
2024-07-25T15:44:46.442+02:00 DEBUG 9876 --- [projectJPAprof] [main] com.betacom.jpa.JpaApplication           : Running with Spring Boot v3.2.7, Spring v6.1.10
2024-07-25T15:44:46.443+02:00  INFO 9876 --- [projectJPAprof] [main] com.betacom.jpa.JpaApplication           : No active profile set, falling back to 1 default profile: "default"
2024-07-25T15:44:47.495+02:00  INFO 9876 --- [projectJPAprof] [main] .s.d.r.c.RepositoryConfigurationDelegate : Bootstrapping Spring Data JPA repositories in DEFAULT mode.
2024-07-25T15:44:47.623+02:00  INFO 9876 --- [projectJPAprof] [main] .s.d.r.c.RepositoryConfigurationDelegate : Finished Spring Data repository scanning in 115 ms. Found 6 JPA repository interfaces.
2024-07-25T15:44:48.476+02:00  INFO 9876 --- [projectJPAprof] [main] o.s.b.w.embedded.tomcat.TomcatWebServer  : Tomcat initialized with port 9090 (http)
2024-07-25T15:44:48.495+02:00  INFO 9876 --- [projectJPAprof] [main] o.apache.catalina.core.StandardService   : Starting service [Tomcat]
2024-07-25T15:44:48.496+02:00  INFO 9876 --- [projectJPAprof] [main] o.apache.catalina.core.StandardEngine    : Starting Servlet engine: [Apache Tomcat/10.1.25]
2024-07-25T15:44:48.619+02:00  INFO 9876 --- [projectJPAprof] [main] o.a.c.c.C.[Tomcat].[localhost].[/]       : Initializing Spring embedded WebApplicationContext
2024-07-25T15:44:48.620+02:00  INFO 9876 --- [projectJPAprof] [main] w.s.c.ServletWebServerApplicationContext : Root WebApplicationContext: initialization completed in 2105 ms
2024-07-25T15:44:48.884+02:00  INFO 9876 --- [projectJPAprof] [main] o.hibernate.jpa.internal.util.LogHelper  : HHH000204: Processing PersistenceUnitInfo [name: default]
2024-07-25T15:44:48.996+02:00  INFO 9876 --- [projectJPAprof] [main] org.hibernate.Version                    : HHH000412: Hibernate ORM core version 6.4.9.Final
2024-07-25T15:44:49.053+02:00  INFO 9876 --- [projectJPAprof] [main] o.h.c.internal.RegionFactoryInitiator    : HHH000026: Second-level cache disabled
2024-07-25T15:44:49.382+02:00  INFO 9876 --- [projectJPAprof] [main] o.s.o.j.p.SpringPersistenceUnitInfo      : No LoadTimeWeaver setup: ignoring JPA class transformer
2024-07-25T15:44:49.422+02:00  INFO 9876 --- [projectJPAprof] [main] com.zaxxer.hikari.HikariDataSource       : HikariPool-1 - Starting...
2024-07-25T15:44:49.634+02:00  INFO 9876 --- [projectJPAprof] [main] com.zaxxer.hikari.pool.HikariPool        : HikariPool-1 - Added connection conn0: url=jdbc:h2:mem:dbJPA user=SA
2024-07-25T15:44:49.636+02:00  INFO 9876 --- [projectJPAprof] [main] com.zaxxer.hikari.HikariDataSource       : HikariPool-1 - Start completed.
2024-07-25T15:44:49.662+02:00  WARN 9876 --- [projectJPAprof] [main] org.hibernate.orm.deprecation            : HHH90000025: H2Dialect does not need to be specified explicitly using 'hibernate.dialect' (remove the property setting and it will be selected by default)
2024-07-25T15:44:50.864+02:00  INFO 9876 --- [projectJPAprof] [main] o.h.e.t.j.p.i.JtaPlatformInitiator       : HHH000489: No JTA platform available (set 'hibernate.transaction.jta.platform' to enable JTA platform integration)
2024-07-25T15:44:50.943+02:00  INFO 9876 --- [projectJPAprof] [main] j.LocalContainerEntityManagerFactoryBean : Initialized JPA EntityManagerFactory for persistence unit 'default'
2024-07-25T15:44:51.401+02:00  INFO 9876 --- [projectJPAprof] [main] o.s.d.j.r.query.QueryEnhancerFactory     : Hibernate is in classpath; If applicable, HQL parser will be used.
2024-07-25T15:44:52.100+02:00  WARN 9876 --- [projectJPAprof] [main] JpaBaseConfiguration$JpaWebConfiguration : spring.jpa.open-in-view is enabled by default. Therefore, database queries may be performed during view rendering. Explicitly configure spring.jpa.open-in-view to disable this warning
2024-07-25T15:44:52.609+02:00  INFO 9876 --- [projectJPAprof] [main] o.s.b.w.embedded.tomcat.TomcatWebServer  : Tomcat started on port 9090 (http) with context path ''
2024-07-25T15:44:52.634+02:00  INFO 9876 --- [projectJPAprof] [main] com.betacom.jpa.JpaApplication           : Started JpaApplication in 6.693 seconds (process running for 7.126)
